<?xml version="1.0" encoding="UTF-8"?>
<!-- Generated by org.testng.reporters.JUnitReportReporter -->
<testsuite hostname="DESKTOP-BS9BPRQ" failures="0" tests="3" name="login.Testcase_login" time="38.908" errors="0" timestamp="2020-06-15T00:12:05 PDT" skipped="0">
  <testcase classname="login.Testcase_login" name="Testcase3" time="15.060"/>
  <system-out/>
  <testcase classname="login.Testcase_login" name="Testcase2" time="16.242"/>
  <system-out/>
  <testcase classname="login.Testcase_login" name="Testcase1" time="7.606"/>
  <system-out/>
</testsuite> <!-- login.Testcase_login -->
